[debug] [2023-12-19T20:59:02.992Z] ----------------------------------------------------------------------
[debug] [2023-12-19T20:59:02.993Z] Command:       /usr/local/bin/node /Users/ankit/.npm-global/bin/firebase init
[debug] [2023-12-19T20:59:02.993Z] CLI Version:   13.0.2
[debug] [2023-12-19T20:59:02.993Z] Platform:      darwin
[debug] [2023-12-19T20:59:02.993Z] Node Version:  v18.16.0
[debug] [2023-12-19T20:59:02.994Z] Time:          Wed Dec 20 2023 02:29:02 GMT+0530 (India Standard Time)
[debug] [2023-12-19T20:59:02.994Z] ----------------------------------------------------------------------
[debug] 
[debug] [2023-12-19T20:59:02.996Z] > command requires scopes: ["email","openid","https://www.googleapis.com/auth/cloudplatformprojects.readonly","https://www.googleapis.com/auth/firebase","https://www.googleapis.com/auth/cloud-platform"]
[debug] [2023-12-19T20:59:02.996Z] > authorizing via signed-in user (ankitbkp16038141@gmail.com)
[info] 
     ######## #### ########  ######## ########     ###     ######  ########
     ##        ##  ##     ## ##       ##     ##  ##   ##  ##       ##
     ######    ##  ########  ######   ########  #########  ######  ######
     ##        ##  ##    ##  ##       ##     ## ##     ##       ## ##
     ##       #### ##     ## ######## ########  ##     ##  ######  ########

You're about to initialize a Firebase project in this directory:

  /Users/ankit/Desktop/expense-tracker

[info] 
=== Project Setup
[info] 
[info] First, let's associate this project directory with a Firebase project.
[info] You can create multiple project aliases by running firebase use --add, 
[info] but for now we'll just set up a default project.
[info] 
[debug] [2023-12-19T20:59:12.886Z] >>> [apiv2][query] GET https://firebase.googleapis.com/v1beta1/projects pageSize=100
[debug] [2023-12-19T20:59:14.797Z] <<< [apiv2][status] GET https://firebase.googleapis.com/v1beta1/projects 200
[debug] [2023-12-19T20:59:14.797Z] <<< [apiv2][body] GET https://firebase.googleapis.com/v1beta1/projects [omitted]
[info] i  Using project expense-tracker-8be7f (expense-tracker) 
[info] 
=== Hosting Setup
[debug] [2023-12-19T20:59:16.413Z] >>> [apiv2][query] GET https://firebase.googleapis.com/v1beta1/projects/expense-tracker-8be7f [none]
[debug] [2023-12-19T20:59:17.253Z] <<< [apiv2][status] GET https://firebase.googleapis.com/v1beta1/projects/expense-tracker-8be7f 200
[debug] [2023-12-19T20:59:17.253Z] <<< [apiv2][body] GET https://firebase.googleapis.com/v1beta1/projects/expense-tracker-8be7f {"projectId":"expense-tracker-8be7f","projectNumber":"266668518860","displayName":"expense-tracker","name":"projects/expense-tracker-8be7f","resources":{"hostingSite":"expense-tracker-8be7f"},"state":"ACTIVE","etag":"1_a4b2ae38-8c9a-46f2-bd2a-97a819e278c5"}
[info] 
[info] Your public directory is the folder (relative to your project directory) that
[info] will contain Hosting assets to be uploaded with firebase deploy. If you
[info] have a build process for your assets, use your build's output directory.
[info] 
[info] i  Skipping write of public/404.html 
[debug] [2023-12-19T21:00:24.755Z] >>> [apiv2][query] GET https://www.gstatic.com/firebasejs/releases.json [none]
[debug] [2023-12-19T21:00:24.964Z] <<< [apiv2][status] GET https://www.gstatic.com/firebasejs/releases.json 200
[debug] [2023-12-19T21:00:24.964Z] <<< [apiv2][body] GET https://www.gstatic.com/firebasejs/releases.json {"current":{"version":"10.7.1","browserURL":"https://www.gstatic.com/firebasejs/10.7.1/firebase.js","packageURL":"https://www.gstatic.com/firebasejs/10.7.1/firebase.tgz"},"live":{"version":"10.7","browserURL":"https://www.gstatic.com/firebasejs/live/10.7/firebase.js","packageURL":"https://www.gstatic.com/firebasejs/live/10.7/firebase.tgz"},"components":{"analytics":"https://www.gstatic.com/firebasejs/10.7.1/firebase-analytics.js","app":"https://www.gstatic.com/firebasejs/10.7.1/firebase-app.js","app-check":"https://www.gstatic.com/firebasejs/10.7.1/firebase-app-check.js","auth":"https://www.gstatic.com/firebasejs/10.7.1/firebase-auth.js","auth/cordova":"https://www.gstatic.com/firebasejs/10.7.1/firebase-auth/cordova.js","functions":"https://www.gstatic.com/firebasejs/10.7.1/firebase-functions.js","firestore":"https://www.gstatic.com/firebasejs/10.7.1/firebase-firestore.js","firestore/lite":"https://www.gstatic.com/firebasejs/10.7.1/firebase-firestore/lite.js","installations":"https://www.gstatic.com/firebasejs/10.7.1/firebase-installations.js","storage":"https://www.gstatic.com/firebasejs/10.7.1/firebase-storage.js","performance":"https://www.gstatic.com/firebasejs/10.7.1/firebase-performance.js","remote-config":"https://www.gstatic.com/firebasejs/10.7.1/firebase-remote-config.js","messaging":"https://www.gstatic.com/firebasejs/10.7.1/firebase-messaging.js","messaging/sw":"https://www.gstatic.com/firebasejs/10.7.1/firebase-messaging/sw.js","database":"https://www.gstatic.com/firebasejs/10.7.1/firebase-database.js","firestore.memory":"https://www.gstatic.com/firebasejs/10.7.1/firebase-firestore.memory.js"}}
[info] i  Skipping write of public/index.html 
[info] 
[info] i  Detected a .git folder at /Users/ankit/Desktop/expense-tracker 
[info] i  Authorizing with GitHub to upload your service account to a GitHub repository's secrets store. 
[info] 
[info] Visit this URL on this device to log in:
[info] https://github.com/login/oauth/authorize?client_id=89cf50f02ac6aaed3484&state=439871548&redirect_uri=http%3A%2F%2Flocalhost%3A9005&scope=read%3Auser%20repo%20public_repo
[info] 
[info] Waiting for authentication...
[debug] [2023-12-19T21:00:32.400Z] >>> [apiv2][query] POST https://github.com/login/oauth/access_token [none]
[debug] [2023-12-19T21:00:32.401Z] >>> [apiv2][body] POST https://github.com/login/oauth/access_token [stream]
[debug] [2023-12-19T21:00:32.923Z] <<< [apiv2][status] POST https://github.com/login/oauth/access_token 200
[debug] [2023-12-19T21:00:32.923Z] <<< [apiv2][body] POST https://github.com/login/oauth/access_token {"access_token":"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","token_type":"bearer","scope":"read:user,repo"}
[debug] [2023-12-19T21:00:32.934Z] >>> [apiv2][query] GET https://api.github.com/user [none]
[debug] [2023-12-19T21:00:35.276Z] <<< [apiv2][status] GET https://api.github.com/user 200
[debug] [2023-12-19T21:00:35.276Z] <<< [apiv2][body] GET https://api.github.com/user {"login":"Ankitbkp","id":77950601,"node_id":"MDQ6VXNlcjc3OTUwNjAx","avatar_url":"https://avatars.githubusercontent.com/u/77950601?v=4","gravatar_id":"","url":"https://api.github.com/users/Ankitbkp","html_url":"https://github.com/Ankitbkp","followers_url":"https://api.github.com/users/Ankitbkp/followers","following_url":"https://api.github.com/users/Ankitbkp/following{/other_user}","gists_url":"https://api.github.com/users/Ankitbkp/gists{/gist_id}","starred_url":"https://api.github.com/users/Ankitbkp/starred{/owner}{/repo}","subscriptions_url":"https://api.github.com/users/Ankitbkp/subscriptions","organizations_url":"https://api.github.com/users/Ankitbkp/orgs","repos_url":"https://api.github.com/users/Ankitbkp/repos","events_url":"https://api.github.com/users/Ankitbkp/events{/privacy}","received_events_url":"https://api.github.com/users/Ankitbkp/received_events","type":"User","site_admin":false,"name":"Ankit kumar","company":"Uttarakhand Technical University","blog":"","location":"Roorkee, Uttarakhand","email":null,"hireable":null,"bio":"Learning Enthusiasm I am a b-tech First-year student, My branch is computer science and engineering, and I joined this platform to Boost my knowledge.","twitter_username":null,"public_repos":9,"public_gists":0,"followers":0,"following":1,"created_at":"2021-01-25T04:09:46Z","updated_at":"2023-12-02T13:53:15Z","private_gists":0,"total_private_repos":0,"owned_private_repos":0,"disk_usage":10218,"collaborators":0,"two_factor_authentication":false,"plan":{"name":"free","space":976562499,"collaborators":0,"private_repos":10000}}
[info] 
[info] ✔  Success! Logged into GitHub as Ankitbkp 
[info] 
